[2014-06-09T12:20:12+00:00] INFO: Forking chef instance to converge...
[2014-06-09T12:20:12+00:00] WARN: 
* * * * * * * * * * * * * * * * * * * * * * * * * * * * * * * * * * * * * * * * 
SSL validation of HTTPS requests is disabled. HTTPS connections are still
encrypted, but chef is not able to detect forged replies or man in the middle
attacks.

To fix this issue add an entry like this to your configuration file:

```
  # Verify all HTTPS connections (recommended)
  ssl_verify_mode :verify_peer

  # OR, Verify only connections to chef-server
  verify_api_cert true
```

To check your SSL configuration, or troubleshoot errors, you can use the
`knife ssl check` command like so:

```
  knife ssl check -c solo.rb
```

* * * * * * * * * * * * * * * * * * * * * * * * * * * * * * * * * * * * * * * * 

[2014-06-09T12:20:12+00:00] INFO: *** Chef 11.12.8 ***
[2014-06-09T12:20:12+00:00] INFO: Chef-client pid: 3418
[2014-06-09T12:20:28+00:00] INFO: Setting the run_list to ["recipe[dhcp-cook]"] from CLI options
[2014-06-09T12:20:28+00:00] INFO: Run List is [recipe[dhcp-cook]]
[2014-06-09T12:20:28+00:00] INFO: Run List expands to [dhcp-cook]
[2014-06-09T12:20:28+00:00] INFO: Starting Chef Run for packer-debian-7.4-amd64
[2014-06-09T12:20:28+00:00] INFO: Running start handlers
[2014-06-09T12:20:28+00:00] INFO: Start handlers complete.
[2014-06-09T12:20:29+00:00] INFO: Chef Run complete in 0.556714025 seconds
[2014-06-09T12:20:29+00:00] INFO: Running report handlers
[2014-06-09T12:20:29+00:00] INFO: Report handlers complete
